2026-01-03 13:26:34,947 - INFO - test_login - 21 - 开始执行用例：全部参数正确登陆成功
2026-01-03 13:26:35,467 - INFO - test_login - 24 - {"timestamp":"2026-01-03T05:26:35.348+00:00","status":415,"error":"Unsupported Media Type","path":"/admin/login"}
2026-01-03 13:26:35,714 - INFO - test_login - 21 - 开始执行用例：空账号登录失败
2026-01-03 13:26:36,202 - INFO - test_login - 24 - {"timestamp":"2026-01-03T05:26:36.086+00:00","status":415,"error":"Unsupported Media Type","path":"/admin/login"}
2026-01-03 13:26:36,218 - INFO - test_login - 21 - 开始执行用例：空密码登录失败
2026-01-03 13:26:36,717 - INFO - test_login - 24 - {"timestamp":"2026-01-03T05:26:36.598+00:00","status":415,"error":"Unsupported Media Type","path":"/admin/login"}
2026-01-03 13:26:36,730 - INFO - test_login - 21 - 开始执行用例：账号密码不匹配登录失败
2026-01-03 13:26:37,218 - INFO - test_login - 24 - {"timestamp":"2026-01-03T05:26:37.096+00:00","status":415,"error":"Unsupported Media Type","path":"/admin/login"}
2026-01-03 13:28:24,791 - INFO - test_login - 21 - 开始执行用例：全部参数正确登陆成功
2026-01-03 13:28:25,328 - INFO - test_login - 24 - {"timestamp":"2026-01-03T05:28:25.204+00:00","status":415,"error":"Unsupported Media Type","path":"/admin/login"}
2026-01-03 13:28:25,582 - INFO - test_login - 21 - 开始执行用例：空账号登录失败
2026-01-03 13:28:26,112 - INFO - test_login - 24 - {"timestamp":"2026-01-03T05:28:25.987+00:00","status":415,"error":"Unsupported Media Type","path":"/admin/login"}
2026-01-03 13:28:26,131 - INFO - test_login - 21 - 开始执行用例：空密码登录失败
2026-01-03 13:28:26,621 - INFO - test_login - 24 - {"timestamp":"2026-01-03T05:28:26.499+00:00","status":415,"error":"Unsupported Media Type","path":"/admin/login"}
2026-01-03 13:28:26,636 - INFO - test_login - 21 - 开始执行用例：账号密码不匹配登录失败
2026-01-03 13:28:27,182 - INFO - test_login - 24 - {"timestamp":"2026-01-03T05:28:27.051+00:00","status":415,"error":"Unsupported Media Type","path":"/admin/login"}
2026-01-03 13:30:35,793 - INFO - test_login - 21 - 开始执行用例：全部参数正确登陆成功
2026-01-03 13:30:36,277 - INFO - test_login - 24 - {"timestamp":"2026-01-03T05:30:36.150+00:00","status":400,"error":"Bad Request","path":"/admin/login"}
2026-01-03 13:30:36,542 - INFO - test_login - 21 - 开始执行用例：空账号登录失败
2026-01-03 13:30:37,051 - INFO - test_login - 24 - {"timestamp":"2026-01-03T05:30:36.926+00:00","status":400,"error":"Bad Request","path":"/admin/login"}
2026-01-03 13:30:37,069 - INFO - test_login - 21 - 开始执行用例：空密码登录失败
2026-01-03 13:30:37,542 - INFO - test_login - 24 - {"timestamp":"2026-01-03T05:30:37.417+00:00","status":400,"error":"Bad Request","path":"/admin/login"}
2026-01-03 13:30:37,559 - INFO - test_login - 21 - 开始执行用例：账号密码不匹配登录失败
2026-01-03 13:30:38,057 - INFO - test_login - 24 - {"timestamp":"2026-01-03T05:30:37.931+00:00","status":400,"error":"Bad Request","path":"/admin/login"}
2026-01-03 13:39:38,074 - INFO - test_login - 21 - 开始执行用例：全部参数正确登陆成功
2026-01-03 13:39:38,611 - INFO - test_login - 24 - {"timestamp":"2026-01-03T05:39:38.467+00:00","status":400,"error":"Bad Request","path":"/admin/login"}
2026-01-03 13:39:38,881 - INFO - test_login - 21 - 开始执行用例：空账号登录失败
2026-01-03 13:39:39,405 - INFO - test_login - 24 - {"timestamp":"2026-01-03T05:39:39.263+00:00","status":400,"error":"Bad Request","path":"/admin/login"}
2026-01-03 13:39:39,418 - INFO - test_login - 21 - 开始执行用例：空密码登录失败
2026-01-03 13:39:39,927 - INFO - test_login - 24 - {"timestamp":"2026-01-03T05:39:39.785+00:00","status":400,"error":"Bad Request","path":"/admin/login"}
2026-01-03 13:39:39,945 - INFO - test_login - 21 - 开始执行用例：账号密码不匹配登录失败
2026-01-03 13:39:40,468 - INFO - test_login - 24 - {"timestamp":"2026-01-03T05:39:40.328+00:00","status":400,"error":"Bad Request","path":"/admin/login"}
2026-01-03 13:47:13,805 - INFO - test_login - 21 - 开始执行用例：全部参数正确登陆成功
2026-01-03 13:47:14,331 - INFO - test_login - 24 - {"timestamp":"2026-01-03T05:47:14.172+00:00","status":400,"error":"Bad Request","path":"/admin/login"}
2026-01-03 13:47:14,596 - INFO - test_login - 21 - 开始执行用例：空账号登录失败
2026-01-03 13:47:15,086 - INFO - test_login - 24 - {"timestamp":"2026-01-03T05:47:14.932+00:00","status":400,"error":"Bad Request","path":"/admin/login"}
2026-01-03 13:47:15,104 - INFO - test_login - 21 - 开始执行用例：空密码登录失败
2026-01-03 13:47:15,591 - INFO - test_login - 24 - {"timestamp":"2026-01-03T05:47:15.435+00:00","status":400,"error":"Bad Request","path":"/admin/login"}
2026-01-03 13:47:15,608 - INFO - test_login - 21 - 开始执行用例：账号密码不匹配登录失败
2026-01-03 13:47:16,117 - INFO - test_login - 24 - {"timestamp":"2026-01-03T05:47:15.964+00:00","status":400,"error":"Bad Request","path":"/admin/login"}
2026-01-03 13:51:54,196 - INFO - test_login - 21 - 开始执行用例：全部参数正确登陆成功
2026-01-03 13:51:54,702 - INFO - test_login - 24 - {"timestamp":"2026-01-03T05:51:54.535+00:00","status":400,"error":"Bad Request","path":"/admin/login"}
2026-01-03 13:51:54,952 - INFO - test_login - 21 - 开始执行用例：空账号登录失败
2026-01-03 13:51:55,449 - INFO - test_login - 24 - {"timestamp":"2026-01-03T05:51:55.286+00:00","status":400,"error":"Bad Request","path":"/admin/login"}
2026-01-03 13:51:55,468 - INFO - test_login - 21 - 开始执行用例：空密码登录失败
2026-01-03 13:51:56,080 - INFO - test_login - 24 - {"timestamp":"2026-01-03T05:51:55.866+00:00","status":400,"error":"Bad Request","path":"/admin/login"}
2026-01-03 13:51:56,096 - INFO - test_login - 21 - 开始执行用例：账号密码不匹配登录失败
2026-01-03 13:51:58,771 - INFO - test_login - 24 - {"timestamp":"2026-01-03T05:51:58.291+00:00","status":400,"error":"Bad Request","path":"/admin/login"}
2026-01-03 13:53:35,781 - INFO - test_login - 21 - 开始执行用例：全部参数正确登陆成功
2026-01-03 13:53:36,321 - INFO - test_login - 24 - {"timestamp":"2026-01-03T05:53:36.153+00:00","status":400,"error":"Bad Request","path":"/admin/login"}
2026-01-03 13:53:36,586 - INFO - test_login - 21 - 开始执行用例：空账号登录失败
2026-01-03 13:53:37,106 - INFO - test_login - 24 - {"timestamp":"2026-01-03T05:53:36.937+00:00","status":400,"error":"Bad Request","path":"/admin/login"}
2026-01-03 13:53:37,123 - INFO - test_login - 21 - 开始执行用例：空密码登录失败
2026-01-03 13:53:37,641 - INFO - test_login - 24 - {"timestamp":"2026-01-03T05:53:37.472+00:00","status":400,"error":"Bad Request","path":"/admin/login"}
2026-01-03 13:53:37,657 - INFO - test_login - 21 - 开始执行用例：账号密码不匹配登录失败
2026-01-03 13:53:38,275 - INFO - test_login - 24 - {"timestamp":"2026-01-03T05:53:38.110+00:00","status":400,"error":"Bad Request","path":"/admin/login"}
2026-01-03 14:07:25,438 - INFO - test_login - 21 - 开始执行用例：全部参数正确登陆成功
2026-01-03 14:07:25,978 - INFO - test_login - 24 - {"timestamp":"2026-01-03T06:07:25.784+00:00","status":400,"error":"Bad Request","path":"/admin/login"}
2026-01-03 14:07:26,228 - INFO - test_login - 21 - 开始执行用例：空账号登录失败
2026-01-03 14:07:26,697 - INFO - test_login - 24 - {"timestamp":"2026-01-03T06:07:26.506+00:00","status":400,"error":"Bad Request","path":"/admin/login"}
2026-01-03 14:07:26,716 - INFO - test_login - 21 - 开始执行用例：空密码登录失败
2026-01-03 14:07:27,228 - INFO - test_login - 24 - {"timestamp":"2026-01-03T06:07:27.034+00:00","status":400,"error":"Bad Request","path":"/admin/login"}
2026-01-03 14:07:27,244 - INFO - test_login - 21 - 开始执行用例：账号密码不匹配登录失败
2026-01-03 14:07:27,755 - INFO - test_login - 24 - {"timestamp":"2026-01-03T06:07:27.561+00:00","status":400,"error":"Bad Request","path":"/admin/login"}
2026-01-03 14:15:34,413 - INFO - test_login - 21 - 开始执行用例：全部参数正确登陆成功
2026-01-03 14:15:34,907 - INFO - test_login - 24 - {"timestamp":"2026-01-03T06:15:34.701+00:00","status":400,"error":"Bad Request","path":"/admin/login"}
2026-01-03 14:15:35,163 - INFO - test_login - 21 - 开始执行用例：空账号登录失败
2026-01-03 14:15:35,658 - INFO - test_login - 24 - {"timestamp":"2026-01-03T06:15:35.450+00:00","status":400,"error":"Bad Request","path":"/admin/login"}
2026-01-03 14:15:35,676 - INFO - test_login - 21 - 开始执行用例：空密码登录失败
2026-01-03 14:15:36,163 - INFO - test_login - 24 - {"timestamp":"2026-01-03T06:15:35.956+00:00","status":400,"error":"Bad Request","path":"/admin/login"}
2026-01-03 14:15:36,179 - INFO - test_login - 21 - 开始执行用例：账号密码不匹配登录失败
2026-01-03 14:15:36,651 - INFO - test_login - 24 - {"timestamp":"2026-01-03T06:15:36.445+00:00","status":400,"error":"Bad Request","path":"/admin/login"}
2026-01-03 14:18:40,440 - INFO - test_login - 21 - 开始执行用例：全部参数正确登陆成功
2026-01-03 14:18:40,932 - INFO - test_login - 24 - {"timestamp":"2026-01-03T06:18:40.716+00:00","status":400,"error":"Bad Request","path":"/admin/login"}
2026-01-03 14:18:41,188 - INFO - test_login - 21 - 开始执行用例：空账号登录失败
2026-01-03 14:18:41,684 - INFO - test_login - 24 - {"timestamp":"2026-01-03T06:18:41.470+00:00","status":400,"error":"Bad Request","path":"/admin/login"}
2026-01-03 14:18:41,703 - INFO - test_login - 21 - 开始执行用例：空密码登录失败
2026-01-03 14:18:42,171 - INFO - test_login - 24 - {"timestamp":"2026-01-03T06:18:41.960+00:00","status":400,"error":"Bad Request","path":"/admin/login"}
2026-01-03 14:18:42,187 - INFO - test_login - 21 - 开始执行用例：账号密码不匹配登录失败
2026-01-03 14:18:42,713 - INFO - test_login - 24 - {"timestamp":"2026-01-03T06:18:42.497+00:00","status":400,"error":"Bad Request","path":"/admin/login"}
2026-01-03 14:41:31,547 - INFO - test_order_query - 23 - 开始执行用例：全部参数正确登陆成功
2026-01-03 14:41:31,805 - INFO - test_order_query - 23 - 开始执行用例：空账号登录失败
2026-01-03 14:41:31,817 - INFO - test_order_query - 23 - 开始执行用例：空密码登录失败
2026-01-03 14:41:31,829 - INFO - test_order_query - 23 - 开始执行用例：账号密码不匹配登录失败
2026-01-03 14:51:08,340 - INFO - test_order_query - 22 - 开始执行用例：参数正确查询成功
2026-01-03 14:52:53,912 - INFO - test_order_query - 22 - 开始执行用例：参数正确查询成功
2026-01-03 14:53:47,695 - INFO - test_order_query - 22 - 开始执行用例：参数正确查询成功
2026-01-03 14:53:48,460 - INFO - test_order_query - 25 - {"timestamp":"2026-01-03T06:53:47.970+00:00","status":405,"error":"Method Not Allowed","path":"/admin/list"}
